c:\users\ee149-dq\downloads\courseware\src\c statechart\visual studio solution\release\vc120.pdb
c:\users\ee149-dq\downloads\courseware\src\c statechart\visual studio solution\release\kobukinavigationstatechart.obj
c:\users\ee149-dq\downloads\courseware\src\c statechart\visual studio solution\release\kobukistatechartsimshell.obj
c:\users\ee149-dq\downloads\courseware\src\c statechart\visual studio solution\release\kobukisensors.obj
c:\users\ee149-dq\downloads\courseware\cybersim\libstatechart.lib
c:\users\ee149-dq\downloads\courseware\cybersim\libstatechart.exp
c:\users\ee149-dq\downloads\courseware\cybersim\libstatechart.dll
c:\users\ee149-dq\downloads\courseware\cybersim\libstatechart.pdb
c:\users\xingyangg\downloads\elen90066_2023_sm1 courseware v1.0\elen90066_2023_sm1 courseware v1.0\src\c statechart\visual studio solution\release\kobukinavigationstatechart.obj
c:\users\xingyangg\downloads\elen90066_2023_sm1 courseware v1.0\elen90066_2023_sm1 courseware v1.0\src\c statechart\visual studio solution\release\kobukisensors.obj
c:\users\xingyangg\downloads\elen90066_2023_sm1 courseware v1.0\elen90066_2023_sm1 courseware v1.0\src\c statechart\visual studio solution\release\kobukistatechartsimshell.obj
c:\users\xingyangg\downloads\elen90066_2023_sm1 courseware v1.0\elen90066_2023_sm1 courseware v1.0\src\c statechart\visual studio solution\release\vc120.pdb
c:\users\xingyangg\downloads\elen90066_2023_sm1 courseware v1.0\elen90066_2023_sm1 courseware v1.0\src\c statechart\visual studio solution\..\..\..\cybersim\libstatechart.pdb
c:\users\xingyangg\downloads\elen90066_2023_sm1 courseware v1.0\elen90066_2023_sm1 courseware v1.0\cybersim\libstatechart.dll
c:\users\xingyangg\downloads\elen90066_2023_sm1 courseware v1.0\elen90066_2023_sm1 courseware v1.0\src\c statechart\visual studio solution\release\libstatechart.tlog\cl.command.1.tlog
c:\users\xingyangg\downloads\elen90066_2023_sm1 courseware v1.0\elen90066_2023_sm1 courseware v1.0\src\c statechart\visual studio solution\release\libstatechart.tlog\cl.read.1.tlog
c:\users\xingyangg\downloads\elen90066_2023_sm1 courseware v1.0\elen90066_2023_sm1 courseware v1.0\src\c statechart\visual studio solution\release\libstatechart.tlog\cl.write.1.tlog
c:\users\xingyangg\downloads\elen90066_2023_sm1 courseware v1.0\elen90066_2023_sm1 courseware v1.0\src\c statechart\visual studio solution\release\libstatechart.tlog\libstatechart.write.1u.tlog
c:\users\xingyangg\downloads\elen90066_2023_sm1 courseware v1.0\elen90066_2023_sm1 courseware v1.0\src\c statechart\visual studio solution\release\libstatechart.tlog\link.command.1.tlog
c:\users\xingyangg\downloads\elen90066_2023_sm1 courseware v1.0\elen90066_2023_sm1 courseware v1.0\src\c statechart\visual studio solution\release\libstatechart.tlog\link.read.1.tlog
c:\users\xingyangg\downloads\elen90066_2023_sm1 courseware v1.0\elen90066_2023_sm1 courseware v1.0\src\c statechart\visual studio solution\release\libstatechart.tlog\link.write.1.tlog
